#
# There is insufficient memory for the Java Runtime Environment to continue.
# Native memory allocation (mmap) failed to map 4194304 bytes for G1 virtual space
# Possible reasons:
#   The system is out of physical RAM or swap space
#   The process is running with CompressedOops enabled, and the Java Heap may be blocking the growth of the native heap
# Possible solutions:
#   Reduce memory load on the system
#   Increase physical memory or swap space
#   Check if swap backing store is full
#   Decrease Java heap size (-Xmx/-Xms)
#   Decrease number of Java threads
#   Decrease Java thread stack sizes (-Xss)
#   Set larger code cache with -XX:ReservedCodeCacheSize=
#   JVM is running with Zero Based Compressed Oops mode in which the Java heap is
#     placed in the first 32GB address space. The Java Heap base address is the
#     maximum limit for the native heap growth. Please use -XX:HeapBaseMinAddress
#     to set the Java Heap base and to place the Java Heap above 32GB virtual address.
# This output file may be truncated or incomplete.
#
#  Out of Memory Error (os_windows.cpp:3530), pid=110376, tid=98540
#
# JRE version:  (18.0.1+10) (build )
# Java VM: Java HotSpot(TM) 64-Bit Server VM (18.0.1+10-24, mixed mode, sharing, tiered, compressed oops, compressed class ptrs, g1 gc, windows-amd64)
# No core dump will be written. Minidumps are not enabled by default on client versions of Windows
#

---------------  S U M M A R Y ------------

Command Line: -Dfile.encoding=Cp1252 -XX:+ShowCodeDetailsInExceptionMessages browser.PhilStatus

Host: Intel(R) Core(TM) i5-6200U CPU @ 2.30GHz, 4 cores, 15G,  Windows 10 , 64 bit Build 17763 (10.0.17763.475)
Time: Thu May  5 13:21:32 2022 India Standard Time elapsed time: 0.146399 seconds (0d 0h 0m 0s)

---------------  T H R E A D  ---------------

Current thread (0x000001f4ec9f7670):  JavaThread "Unknown thread" [_thread_in_vm, id=98540, stack(0x000000a576500000,0x000000a576600000)]

Stack: [0x000000a576500000,0x000000a576600000]
Native frames: (J=compiled Java code, j=interpreted, Vv=VM code, C=native code)
V  [jvm.dll+0x69887a]
V  [jvm.dll+0x7f38bd]
V  [jvm.dll+0x7f51ce]
V  [jvm.dll+0x7f5883]
V  [jvm.dll+0x25ca3f]
V  [jvm.dll+0x6957c9]
V  [jvm.dll+0x68a2fa]
V  [jvm.dll+0x321efb]
V  [jvm.dll+0x3298d6]
V  [jvm.dll+0x37e4a8]
V  [jvm.dll+0x37e6af]
V  [jvm.dll+0x2f9c7a]
V  [jvm.dll+0x2facdd]
V  [jvm.dll+0x7c24f0]
V  [jvm.dll+0x38b801]
V  [jvm.dll+0x7a1203]
V  [jvm.dll+0x40d6bf]
V  [jvm.dll+0x40f091]
C  [jli.dll+0x526b]
C  [ucrtbase.dll+0x21ffa]
C  [KERNEL32.DLL+0x17974]
C  [ntdll.dll+0x6a271]


---------------  P R O C E S S  ---------------

Threads class SMR info:
_java_thread_list=0x00007ffc7596d550, length=0, elements={
}

Java Threads: ( => current thread )

Other Threads:
  0x000001f4eca62fb0 WorkerThread "GC Thread#0" [stack: 0x000000a576600000,0x000000a576700000] [id=90988]
  0x000001f4eca71960 ConcurrentGCThread "G1 Main Marker" [stack: 0x000000a576700000,0x000000a576800000] [id=113280]
  0x000001f4fdaa2400 WorkerThread "G1 Conc#0" [stack: 0x000000a576800000,0x000000a576900000] [id=55348]

[error occurred during error reporting (printing all threads), id 0xc0000005, EXCEPTION_ACCESS_VIOLATION (0xc0000005) at pc=0x00007ffc7519a217]

VM state: not at safepoint (not fully initialized)

VM Mutex/Monitor currently owned by a thread:  ([mutex/lock_event])
[0x000001f4ea766780] Heap_lock - owner thread: 0x000001f4ec9f7670

Heap address: 0x0000000701a00000, size: 4070 MB, Compressed Oops mode: Zero based, Oop shift amount: 3

CDS archive(s) mapped at: [0x0000000000000000-0x0000000000000000-0x0000000000000000), size 0, SharedBaseAddress: 0x0000000800000000, ArchiveRelocationMode: 0.
Narrow klass base: 0x0000000000000000, Narrow klass shift: 0, Narrow klass range: 0x0

GC Precious Log:
 CardTable entry size: 512
 Card Set container configuration: InlinePtr #cards 4 size 8 Array Of Cards #cards 16 size 48 Howl #buckets 8 coarsen threshold 3686 Howl Bitmap #cards 512 size 80 coarsen threshold 460 Card regions per heap region 1 cards per card region 4096

Heap:
 garbage-first heap   total 0K, used 0K [0x0000000701a00000, 0x0000000800000000)
  region size 2048K, 0 young (0K), 0 survivors (0K)

[error occurred during error reporting (printing heap information), id 0xc0000005, EXCEPTION_ACCESS_VIOLATION (0xc0000005) at pc=0x00007ffc75580cb9]

GC Heap History (0 events):
No events

Deoptimization events (0 events):
No events

Classes loaded (0 events):
No events

Classes unloaded (0 events):
No events

Classes redefined (0 events):
No events

Internal exceptions (0 events):
No events

VM Operations (0 events):
No events

Events (1 events):
Event: 0.019 Loaded shared library D:\jdk-18_windows-x64_bin\jdk-18.0.1\bin\java.dll


Dynamic libraries:
0x00007ff7a7470000 - 0x00007ff7a7480000 	D:\jdk-18_windows-x64_bin\jdk-18.0.1\bin\javaw.exe
0x00007ffce8d00000 - 0x00007ffce8eed000 	C:\WINDOWS\SYSTEM32\ntdll.dll
0x00007ffce6570000 - 0x00007ffce6623000 	C:\WINDOWS\System32\KERNEL32.DLL
0x00007ffce57f0000 - 0x00007ffce5a83000 	C:\WINDOWS\System32\KERNELBASE.dll
0x00007ffce5b30000 - 0x00007ffce5c2a000 	C:\WINDOWS\System32\ucrtbase.dll
0x00007ffcbb890000 - 0x00007ffcbb8a8000 	D:\jdk-18_windows-x64_bin\jdk-18.0.1\bin\jli.dll
0x00007ffcb91b0000 - 0x00007ffcb91ca000 	D:\jdk-18_windows-x64_bin\jdk-18.0.1\bin\VCRUNTIME140.dll
0x00007ffce8170000 - 0x00007ffce8213000 	C:\WINDOWS\System32\ADVAPI32.dll
0x00007ffce8730000 - 0x00007ffce87ce000 	C:\WINDOWS\System32\msvcrt.dll
0x00007ffce82a0000 - 0x00007ffce833e000 	C:\WINDOWS\System32\sechost.dll
0x00007ffce8830000 - 0x00007ffce8952000 	C:\WINDOWS\System32\RPCRT4.dll
0x00007ffce89d0000 - 0x00007ffce8b67000 	C:\WINDOWS\System32\USER32.dll
0x00007ffce5700000 - 0x00007ffce5720000 	C:\WINDOWS\System32\win32u.dll
0x00007ffce6090000 - 0x00007ffce60b9000 	C:\WINDOWS\System32\GDI32.dll
0x00007ffce5d90000 - 0x00007ffce5f29000 	C:\WINDOWS\System32\gdi32full.dll
0x00007ffce5a90000 - 0x00007ffce5b30000 	C:\WINDOWS\System32\msvcp_win.dll
0x00007ffcdda30000 - 0x00007ffcddca9000 	C:\WINDOWS\WinSxS\amd64_microsoft.windows.common-controls_6595b64144ccf1df_6.0.17763.615_none_05b4414a072024d4\COMCTL32.dll
0x00007ffce7cd0000 - 0x00007ffce7ffc000 	C:\WINDOWS\System32\combase.dll
0x00007ffce5c30000 - 0x00007ffce5cae000 	C:\WINDOWS\System32\bcryptPrimitives.dll
0x00007ffce0040000 - 0x00007ffce004a000 	C:\WINDOWS\SYSTEM32\VERSION.dll
0x00007ffce5f30000 - 0x00007ffce5f5e000 	C:\WINDOWS\System32\IMM32.DLL
0x00007ffce2120000 - 0x00007ffce212c000 	D:\jdk-18_windows-x64_bin\jdk-18.0.1\bin\vcruntime140_1.dll
0x00007ffcaa9e0000 - 0x00007ffcaaa6d000 	D:\jdk-18_windows-x64_bin\jdk-18.0.1\bin\msvcp140.dll
0x00007ffc74e90000 - 0x00007ffc75aa0000 	D:\jdk-18_windows-x64_bin\jdk-18.0.1\bin\server\jvm.dll
0x00007ffce8960000 - 0x00007ffce8968000 	C:\WINDOWS\System32\PSAPI.DLL
0x00007ffcd9a90000 - 0x00007ffcd9a99000 	C:\WINDOWS\SYSTEM32\WSOCK32.dll
0x00007ffce0620000 - 0x00007ffce0644000 	C:\WINDOWS\SYSTEM32\WINMM.dll
0x00007ffce8220000 - 0x00007ffce828d000 	C:\WINDOWS\System32\WS2_32.dll
0x00007ffce05f0000 - 0x00007ffce061d000 	C:\WINDOWS\SYSTEM32\winmmbase.dll
0x00007ffce5720000 - 0x00007ffce576a000 	C:\WINDOWS\System32\cfgmgr32.dll
0x00007ffce4db0000 - 0x00007ffce4dc1000 	C:\WINDOWS\System32\kernel.appcore.dll
0x00007ffcd3710000 - 0x00007ffcd371a000 	D:\jdk-18_windows-x64_bin\jdk-18.0.1\bin\jimage.dll
0x00007ffce3640000 - 0x00007ffce382d000 	C:\WINDOWS\SYSTEM32\DBGHELP.DLL
0x00007ffcd4dd0000 - 0x00007ffcd4dfa000 	C:\WINDOWS\SYSTEM32\dbgcore.DLL
0x00007ffcb9180000 - 0x00007ffcb91a5000 	D:\jdk-18_windows-x64_bin\jdk-18.0.1\bin\java.dll

dbghelp: loaded successfully - version: 4.0.5 - missing functions: none
symbol engine: initialized successfully - sym options: 0x614 - pdb path: .;D:\jdk-18_windows-x64_bin\jdk-18.0.1\bin;C:\WINDOWS\SYSTEM32;C:\WINDOWS\WinSxS\amd64_microsoft.windows.common-controls_6595b64144ccf1df_6.0.17763.615_none_05b4414a072024d4;D:\jdk-18_windows-x64_bin\jdk-18.0.1\bin\server

VM Arguments:
jvm_args: -Dfile.encoding=Cp1252 -XX:+ShowCodeDetailsInExceptionMessages 
java_command: browser.PhilStatus
java_class_path (initial): C:\Users\DHINAKARAN\git\philsupportform\Selenium\bin;C:\Users\DHINAKARAN\.p2\pool\plugins\org.testng_7.4.0.r202105021533.jar;C:\Users\DHINAKARAN\.p2\pool\plugins\com.beust.jcommander_1.78.0.jar;C:\Users\DHINAKARAN\.p2\pool\plugins\org.apache-extras.beanshell.bsh_2.0.0.b6.jar;C:\Users\DHINAKARAN\.p2\pool\plugins\org.yaml.snakeyaml_1.21.0.jar;C:\Users\DHINAKARAN\.p2\pool\plugins\org.webjars.jquery_3.5.1.jar;E:\Selenium\selenium-java-3.141.59\client-combined-3.141.59.jar;E:\Selenium\selenium-java-3.141.59\client-combined-3.141.59-sources.jar;E:\Selenium\selenium-java-3.141.59\libs\byte-buddy-1.8.15.jar;E:\Selenium\selenium-java-3.141.59\libs\commons-exec-1.3.jar;E:\Selenium\selenium-java-3.141.59\libs\guava-25.0-jre.jar;E:\Selenium\selenium-java-3.141.59\libs\okhttp-3.11.0.jar;E:\Selenium\selenium-java-3.141.59\libs\okio-1.14.0.jar;C:\Users\DHINAKARAN\Downloads\mysql-connector-java-8.0.28.jar;C:\Users\DHINAKARAN\Downloads\rs2xml\rs2xml\rs2xml.jar
Launcher Type: SUN_STANDARD

[Global flags]
     intx CICompilerCount                          = 3                                         {product} {ergonomic}
     uint ConcGCThreads                            = 1                                         {product} {ergonomic}
     uint G1ConcRefinementThreads                  = 4                                         {product} {ergonomic}
   size_t G1HeapRegionSize                         = 2097152                                   {product} {ergonomic}
    uintx GCDrainStackTargetSize                   = 64                                        {product} {ergonomic}
   size_t InitialHeapSize                          = 268435456                                 {product} {ergonomic}
   size_t MarkStackSize                            = 4194304                                   {product} {ergonomic}
   size_t MaxHeapSize                              = 4267704320                                {product} {ergonomic}
   size_t MinHeapDeltaBytes                        = 2097152                                   {product} {ergonomic}
   size_t MinHeapSize                              = 8388608                                   {product} {ergonomic}
    uintx NonNMethodCodeHeapSize                   = 5832780                                {pd product} {ergonomic}
    uintx NonProfiledCodeHeapSize                  = 122912730                              {pd product} {ergonomic}
    uintx ProfiledCodeHeapSize                     = 122912730                              {pd product} {ergonomic}
    uintx ReservedCodeCacheSize                    = 251658240                              {pd product} {ergonomic}
     bool SegmentedCodeCache                       = true                                      {product} {ergonomic}
     bool ShowCodeDetailsInExceptionMessages       = true                                   {manageable} {command line}
   size_t SoftMaxHeapSize                          = 4267704320                             {manageable} {ergonomic}
     bool UseCompressedClassPointers               = true                           {product lp64_product} {ergonomic}
     bool UseCompressedOops                        = true                           {product lp64_product} {ergonomic}
     bool UseG1GC                                  = true                                      {product} {ergonomic}
     bool UseLargePagesIndividualAllocation        = false                                  {pd product} {ergonomic}

Logging:
Log output configuration:
 #0: stdout all=warning uptime,level,tags foldmultilines=false
 #1: stderr all=off uptime,level,tags foldmultilines=false

Environment Variables:
JAVA_HOME=C:\Program Files\Java\jdk-11.0.13
PATH=C:/Users/DHINAKARAN/.p2/pool/plugins/org.eclipse.justj.openjdk.hotspot.jre.full.win32.x86_64_16.0.2.v20210721-1149/jre/bin/server;C:/Users/DHINAKARAN/.p2/pool/plugins/org.eclipse.justj.openjdk.hotspot.jre.full.win32.x86_64_16.0.2.v20210721-1149/jre/bin;C:\Program Files\Common Files\Oracle\Java\javapath;C:\Program Files (x86)\Common Files\Oracle\Java\javapath;C:\Program Files\Common Files\EPSON\TMSDCommon;C:\Program Files (x86)\Common Files\EPSON\TMSDCommon;C:\Program Files (x86)\Intel\iCLS Client\;C:\Program Files\Intel\iCLS Client\;C:\windows\system32;C:\windows;C:\windows\System32\Wbem;C:\windows\System32\WindowsPowerShell\v1.0\;C:\Program Files (x86)\Intel\Intel(R) Management Engine Components\DAL;C:\Program Files\Intel\Intel(R) Management Engine Components\DAL;C:\Program Files (x86)\Intel\Intel(R) Management Engine Components\IPT;C:\Program Files\Intel\Intel(R) Management Engine Components\IPT;C:\Program Files (x86)\NVIDIA Corporation\PhysX\Common;C:\WINDOWS\system32;C:\WINDOWS;C:\WINDOWS\System32\Wbem;C:\WINDOWS\System32\WindowsPowerShell\v1.0\;C:\Program Files\Intel\WiFi\bin\;C:\Program Files\Common Files\Intel\WirelessCommon\;C:\Windows\twain_32\DR-M160;C:\Program Files\TortoiseSVN\bin;C:\WINDOWS\System32\OpenSSH\;C:\Program Files\PuTTY\;C:\Program Files (x86)\Java\jre1.8.0_211\bin;C:\Program Files\apache-maven-3.8.3-bin\apache-maven-3.8.3\bin;C:\Program Files (x86)\Windows Kits\10\Windows Performance Toolkit\;C:\Program Files\MySQL\MySQL Shell 8.0\bin\;C:\Program Files\Java\jdk-11.0.13\bin;C:\WINDOWS\system32;
USERNAME=DHINAKARAN
OS=Windows_NT
PROCESSOR_IDENTIFIER=Intel64 Family 6 Model 78 Stepping 3, GenuineIntel



---------------  S Y S T E M  ---------------

OS:
 Windows 10 , 64 bit Build 17763 (10.0.17763.475)
OS uptime: 14 days 17:33 hours
Hyper-V role detected

CPU: total 4 (initial active 4) (2 cores per cpu, 2 threads per core) family 6 model 78 stepping 3 microcode 0xc6, cx8, cmov, fxsr, ht, mmx, 3dnowpref, sse, sse2, sse3, ssse3, sse4.1, sse4.2, popcnt, lzcnt, tsc, tscinvbit, avx, avx2, aes, erms, clmul, bmi1, bmi2, adx, fma, vzeroupper, clflush, clflushopt, hv

Memory: 4k page, system-wide physical 16273M (5561M free)
TotalPageFile size 65425M (AvailPageFile size 7M)
current process WorkingSet (physical memory assigned to process): 10M, peak: 10M
current process commit charge ("private bytes"): 313M, peak: 316M

vm_info: Java HotSpot(TM) 64-Bit Server VM (18.0.1+10-24) for windows-amd64 JRE (18.0.1+10-24), built on Mar  9 2022 22:41:56 by "mach5one" with MS VC++ 16.8 / 16.9 (VS2019)

END.
