#
# There is insufficient memory for the Java Runtime Environment to continue.
# Native memory allocation (mmap) failed to map 268435456 bytes for G1 virtual space
# Possible reasons:
#   The system is out of physical RAM or swap space
#   The process is running with CompressedOops enabled, and the Java Heap may be blocking the growth of the native heap
# Possible solutions:
#   Reduce memory load on the system
#   Increase physical memory or swap space
#   Check if swap backing store is full
#   Decrease Java heap size (-Xmx/-Xms)
#   Decrease number of Java threads
#   Decrease Java thread stack sizes (-Xss)
#   Set larger code cache with -XX:ReservedCodeCacheSize=
#   JVM is running with Zero Based Compressed Oops mode in which the Java heap is
#     placed in the first 32GB address space. The Java Heap base address is the
#     maximum limit for the native heap growth. Please use -XX:HeapBaseMinAddress
#     to set the Java Heap base and to place the Java Heap above 32GB virtual address.
# This output file may be truncated or incomplete.
#
#  Out of Memory Error (os_windows.cpp:3466), pid=61708, tid=61748
#
# JRE version:  (16.0.2+7) (build )
# Java VM: OpenJDK 64-Bit Server VM (16.0.2+7-67, mixed mode, sharing, tiered, compressed oops, compressed class ptrs, g1 gc, windows-amd64)
# No core dump will be written. Minidumps are not enabled by default on client versions of Windows
#

---------------  S U M M A R Y ------------

Command Line: -Dfile.encoding=Cp1252 -XX:+ShowCodeDetailsInExceptionMessages browser.PhilpinesStatusSheet

Host: Intel(R) Core(TM) i5-6200U CPU @ 2.30GHz, 4 cores, 15G,  Windows 10 , 64 bit Build 17763 (10.0.17763.475)
Time: Tue Apr 12 15:54:04 2022 India Standard Time elapsed time: 0.082865 seconds (0d 0h 0m 0s)

---------------  T H R E A D  ---------------

Current thread (0x0000020b8f26f300):  JavaThread "Unknown thread" [_thread_in_vm, id=61748, stack(0x000000f9eec00000,0x000000f9eed00000)]

Stack: [0x000000f9eec00000,0x000000f9eed00000]
Native frames: (J=compiled Java code, j=interpreted, Vv=VM code, C=native code)
V  [jvm.dll+0x6681ca]
V  [jvm.dll+0x7c9e69]
V  [jvm.dll+0x7cb61e]
V  [jvm.dll+0x7cbc73]
V  [jvm.dll+0x242c55]
V  [jvm.dll+0x664f89]
V  [jvm.dll+0x659b75]
V  [jvm.dll+0x2fbfbb]
V  [jvm.dll+0x3031b6]
V  [jvm.dll+0x35299e]
V  [jvm.dll+0x352bcf]
V  [jvm.dll+0x2d3028]
V  [jvm.dll+0x2d4264]
V  [jvm.dll+0x79c741]
V  [jvm.dll+0x360791]
V  [jvm.dll+0x77a3f0]
V  [jvm.dll+0x3e4e8f]
V  [jvm.dll+0x3e6961]
C  [jli.dll+0x52fb]
C  [ucrtbase.dll+0x21ffa]
C  [KERNEL32.DLL+0x17974]
C  [ntdll.dll+0x6a271]


---------------  P R O C E S S  ---------------

Threads class SMR info:
_java_thread_list=0x00007ffba2b2cbb8, length=0, elements={
}

Java Threads: ( => current thread )

Other Threads:
  0x0000020b8f2bf810 GCTaskThread "GC Thread#0" [stack: 0x000000f9eed00000,0x000000f9eee00000] [id=61752]
  0x0000020b8f2d16c0 ConcurrentGCThread "G1 Main Marker" [stack: 0x000000f9eee00000,0x000000f9eef00000] [id=61756]
  0x0000020b8f2d30d0 ConcurrentGCThread "G1 Conc#0" [stack: 0x000000f9eef00000,0x000000f9ef000000] [id=61760]

[error occurred during error reporting (printing all threads), id 0xc0000005, EXCEPTION_ACCESS_VIOLATION (0xc0000005) at pc=0x00007ffba2303ee7]

VM state: not at safepoint (not fully initialized)

VM Mutex/Monitor currently owned by a thread:  ([mutex/lock_event])
[0x0000020b8f26ba80] Heap_lock - owner thread: 0x0000020b8f26f300

Heap address: 0x0000000701a00000, size: 4070 MB, Compressed Oops mode: Zero based, Oop shift amount: 3

CDS archive(s) mapped at: [0x0000000000000000-0x0000000000000000-0x0000000000000000), size 0, SharedBaseAddress: 0x0000000800000000, ArchiveRelocationMode: 0.
Narrow klass base: 0x0000000000000000, Narrow klass shift: 0, Narrow klass range: 0x0

GC Precious Log:
<Empty>

Heap:
 garbage-first heap   total 0K, used 0K [0x0000000701a00000, 0x0000000800000000)
  region size 2048K, 0 young (0K), 0 survivors (0K)

[error occurred during error reporting (printing heap information), id 0xc0000005, EXCEPTION_ACCESS_VIOLATION (0xc0000005) at pc=0x00007ffba26e1eed]

GC Heap History (0 events):
No events

Deoptimization events (0 events):
No events

Classes unloaded (0 events):
No events

Classes redefined (0 events):
No events

Internal exceptions (0 events):
No events

Events (1 events):
Event: 0.023 Loaded shared library C:\Users\DHINAKARAN\.p2\pool\plugins\org.eclipse.justj.openjdk.hotspot.jre.full.win32.x86_64_16.0.2.v20210721-1149\jre\bin\java.dll


Dynamic libraries:
0x00007ff702aa0000 - 0x00007ff702aae000 	C:\Users\DHINAKARAN\.p2\pool\plugins\org.eclipse.justj.openjdk.hotspot.jre.full.win32.x86_64_16.0.2.v20210721-1149\jre\bin\javaw.exe
0x00007ffc068d0000 - 0x00007ffc06abd000 	C:\WINDOWS\SYSTEM32\ntdll.dll
0x00007ffc066c0000 - 0x00007ffc06773000 	C:\WINDOWS\System32\KERNEL32.DLL
0x00007ffc02a80000 - 0x00007ffc02d13000 	C:\WINDOWS\System32\KERNELBASE.dll
0x00007ffc03840000 - 0x00007ffc0393a000 	C:\WINDOWS\System32\ucrtbase.dll
0x00007ffbf8670000 - 0x00007ffbf8688000 	C:\Users\DHINAKARAN\.p2\pool\plugins\org.eclipse.justj.openjdk.hotspot.jre.full.win32.x86_64_16.0.2.v20210721-1149\jre\bin\jli.dll
0x00007ffc064c0000 - 0x00007ffc06657000 	C:\WINDOWS\System32\USER32.dll
0x00007ffc03ae0000 - 0x00007ffc03b00000 	C:\WINDOWS\System32\win32u.dll
0x00007ffc04000000 - 0x00007ffc04029000 	C:\WINDOWS\System32\GDI32.dll
0x00007ffc036a0000 - 0x00007ffc03839000 	C:\WINDOWS\System32\gdi32full.dll
0x00007ffc03a40000 - 0x00007ffc03ae0000 	C:\WINDOWS\System32\msvcp_win.dll
0x00007ffbe2c50000 - 0x00007ffbe2c69000 	C:\Users\DHINAKARAN\.p2\pool\plugins\org.eclipse.justj.openjdk.hotspot.jre.full.win32.x86_64_16.0.2.v20210721-1149\jre\bin\VCRUNTIME140.dll
0x00007ffbf2840000 - 0x00007ffbf2ab9000 	C:\WINDOWS\WinSxS\amd64_microsoft.windows.common-controls_6595b64144ccf1df_6.0.17763.615_none_05b4414a072024d4\COMCTL32.dll
0x00007ffc06010000 - 0x00007ffc060ae000 	C:\WINDOWS\System32\msvcrt.dll
0x00007ffc05ce0000 - 0x00007ffc0600c000 	C:\WINDOWS\System32\combase.dll
0x00007ffc04320000 - 0x00007ffc04442000 	C:\WINDOWS\System32\RPCRT4.dll
0x00007ffc029a0000 - 0x00007ffc02a1e000 	C:\WINDOWS\System32\bcryptPrimitives.dll
0x00007ffc067f0000 - 0x00007ffc0681e000 	C:\WINDOWS\System32\IMM32.DLL
0x00007ffbf8850000 - 0x00007ffbf885c000 	C:\Users\DHINAKARAN\.p2\pool\plugins\org.eclipse.justj.openjdk.hotspot.jre.full.win32.x86_64_16.0.2.v20210721-1149\jre\bin\vcruntime140_1.dll
0x00007ffbe2b40000 - 0x00007ffbe2bd1000 	C:\Users\DHINAKARAN\.p2\pool\plugins\org.eclipse.justj.openjdk.hotspot.jre.full.win32.x86_64_16.0.2.v20210721-1149\jre\bin\msvcp140.dll
0x00007ffba2020000 - 0x00007ffba2bcb000 	C:\Users\DHINAKARAN\.p2\pool\plugins\org.eclipse.justj.openjdk.hotspot.jre.full.win32.x86_64_16.0.2.v20210721-1149\jre\bin\server\jvm.dll
0x00007ffc06410000 - 0x00007ffc064b3000 	C:\WINDOWS\System32\ADVAPI32.dll
0x00007ffc060b0000 - 0x00007ffc0614e000 	C:\WINDOWS\System32\sechost.dll
0x00007ffc06400000 - 0x00007ffc06408000 	C:\WINDOWS\System32\PSAPI.DLL
0x00007ffbeef20000 - 0x00007ffbeef29000 	C:\WINDOWS\SYSTEM32\WSOCK32.dll
0x00007ffbf80e0000 - 0x00007ffbf8104000 	C:\WINDOWS\SYSTEM32\WINMM.dll
0x00007ffc06260000 - 0x00007ffc062cd000 	C:\WINDOWS\System32\WS2_32.dll
0x00007ffbfd6f0000 - 0x00007ffbfd6fa000 	C:\WINDOWS\SYSTEM32\VERSION.dll
0x00007ffbf80b0000 - 0x00007ffbf80dd000 	C:\WINDOWS\SYSTEM32\WINMMBASE.dll
0x00007ffc039f0000 - 0x00007ffc03a3a000 	C:\WINDOWS\System32\cfgmgr32.dll
0x00007ffc02980000 - 0x00007ffc02991000 	C:\WINDOWS\System32\kernel.appcore.dll
0x00007ffbfd750000 - 0x00007ffbfd75a000 	C:\Users\DHINAKARAN\.p2\pool\plugins\org.eclipse.justj.openjdk.hotspot.jre.full.win32.x86_64_16.0.2.v20210721-1149\jre\bin\jimage.dll
0x00007ffc01470000 - 0x00007ffc0165d000 	C:\WINDOWS\SYSTEM32\DBGHELP.DLL
0x00007ffbea1b0000 - 0x00007ffbea1da000 	C:\WINDOWS\SYSTEM32\dbgcore.DLL
0x00007ffbe2aa0000 - 0x00007ffbe2ac5000 	C:\Users\DHINAKARAN\.p2\pool\plugins\org.eclipse.justj.openjdk.hotspot.jre.full.win32.x86_64_16.0.2.v20210721-1149\jre\bin\java.dll

dbghelp: loaded successfully - version: 4.0.5 - missing functions: none
symbol engine: initialized successfully - sym options: 0x614 - pdb path: .;C:\Users\DHINAKARAN\.p2\pool\plugins\org.eclipse.justj.openjdk.hotspot.jre.full.win32.x86_64_16.0.2.v20210721-1149\jre\bin;C:\WINDOWS\SYSTEM32;C:\WINDOWS\WinSxS\amd64_microsoft.windows.common-controls_6595b64144ccf1df_6.0.17763.615_none_05b4414a072024d4;C:\Users\DHINAKARAN\.p2\pool\plugins\org.eclipse.justj.openjdk.hotspot.jre.full.win32.x86_64_16.0.2.v20210721-1149\jre\bin\server

VM Arguments:
jvm_args: -Dfile.encoding=Cp1252 -XX:+ShowCodeDetailsInExceptionMessages 
java_command: browser.PhilpinesStatusSheet
java_class_path (initial): C:\Users\DHINAKARAN\git\repository\Selenium\bin;C:\Users\DHINAKARAN\.p2\pool\plugins\org.testng_7.4.0.r202105021533.jar;C:\Users\DHINAKARAN\.p2\pool\plugins\com.beust.jcommander_1.78.0.jar;C:\Users\DHINAKARAN\.p2\pool\plugins\org.apache-extras.beanshell.bsh_2.0.0.b6.jar;C:\Users\DHINAKARAN\.p2\pool\plugins\org.yaml.snakeyaml_1.21.0.jar;C:\Users\DHINAKARAN\.p2\pool\plugins\org.webjars.jquery_3.5.1.jar;E:\Selenium\selenium-java-3.141.59\client-combined-3.141.59.jar;E:\Selenium\selenium-java-3.141.59\client-combined-3.141.59-sources.jar;E:\Selenium\selenium-java-3.141.59\libs\byte-buddy-1.8.15.jar;E:\Selenium\selenium-java-3.141.59\libs\commons-exec-1.3.jar;E:\Selenium\selenium-java-3.141.59\libs\guava-25.0-jre.jar;E:\Selenium\selenium-java-3.141.59\libs\okhttp-3.11.0.jar;E:\Selenium\selenium-java-3.141.59\libs\okio-1.14.0.jar
Launcher Type: SUN_STANDARD

[Global flags]
     intx CICompilerCount                          = 3                                         {product} {ergonomic}
     uint ConcGCThreads                            = 1                                         {product} {ergonomic}
     uint G1ConcRefinementThreads                  = 4                                         {product} {ergonomic}
   size_t G1HeapRegionSize                         = 2097152                                   {product} {ergonomic}
    uintx GCDrainStackTargetSize                   = 64                                        {product} {ergonomic}
   size_t InitialHeapSize                          = 268435456                                 {product} {ergonomic}
   size_t MarkStackSize                            = 4194304                                   {product} {ergonomic}
   size_t MaxHeapSize                              = 4267704320                                {product} {ergonomic}
   size_t MinHeapDeltaBytes                        = 2097152                                   {product} {ergonomic}
   size_t MinHeapSize                              = 8388608                                   {product} {ergonomic}
    uintx NonNMethodCodeHeapSize                   = 5832780                                {pd product} {ergonomic}
    uintx NonProfiledCodeHeapSize                  = 122912730                              {pd product} {ergonomic}
    uintx ProfiledCodeHeapSize                     = 122912730                              {pd product} {ergonomic}
    uintx ReservedCodeCacheSize                    = 251658240                              {pd product} {ergonomic}
     bool SegmentedCodeCache                       = true                                      {product} {ergonomic}
     bool ShowCodeDetailsInExceptionMessages       = true                                   {manageable} {command line}
   size_t SoftMaxHeapSize                          = 4267704320                             {manageable} {ergonomic}
     bool UseCompressedClassPointers               = true                           {product lp64_product} {ergonomic}
     bool UseCompressedOops                        = true                           {product lp64_product} {ergonomic}
     bool UseG1GC                                  = true                                      {product} {ergonomic}
     bool UseLargePagesIndividualAllocation        = false                                  {pd product} {ergonomic}

Logging:
Log output configuration:
 #0: stdout all=warning uptime,level,tags
 #1: stderr all=off uptime,level,tags

Environment Variables:
JAVA_HOME=C:\Program Files\Java\jdk-11.0.13
PATH=C:/Users/DHINAKARAN/.p2/pool/plugins/org.eclipse.justj.openjdk.hotspot.jre.full.win32.x86_64_16.0.2.v20210721-1149/jre/bin/server;C:/Users/DHINAKARAN/.p2/pool/plugins/org.eclipse.justj.openjdk.hotspot.jre.full.win32.x86_64_16.0.2.v20210721-1149/jre/bin;C:\Program Files\Common Files\Oracle\Java\javapath;C:\Program Files (x86)\Common Files\Oracle\Java\javapath;C:\Program Files\Common Files\EPSON\TMSDCommon;C:\Program Files (x86)\Common Files\EPSON\TMSDCommon;C:\Program Files (x86)\Intel\iCLS Client\;C:\Program Files\Intel\iCLS Client\;C:\windows\system32;C:\windows;C:\windows\System32\Wbem;C:\windows\System32\WindowsPowerShell\v1.0\;C:\Program Files (x86)\Intel\Intel(R) Management Engine Components\DAL;C:\Program Files\Intel\Intel(R) Management Engine Components\DAL;C:\Program Files (x86)\Intel\Intel(R) Management Engine Components\IPT;C:\Program Files\Intel\Intel(R) Management Engine Components\IPT;C:\Program Files (x86)\NVIDIA Corporation\PhysX\Common;C:\WINDOWS\system32;C:\WINDOWS;C:\WINDOWS\System32\Wbem;C:\WINDOWS\System32\WindowsPowerShell\v1.0\;C:\Program Files\Intel\WiFi\bin\;C:\Program Files\Common Files\Intel\WirelessCommon\;C:\Windows\twain_32\DR-M160;C:\Program Files (x86)\Kofax\Imgctls\bin;C:\Program Files\TortoiseSVN\bin;C:\WINDOWS\System32\OpenSSH\;C:\Program Files\PuTTY\;C:\Program Files (x86)\Java\jre1.8.0_211\bin;C:\Program Files\Git\cmd;C:\Program Files\apache-maven-3.8.3-bin\apache-maven-3.8.3\bin;C:\Program Files (x86)\Windows Kits\10\Windows Performance Toolkit\;C:\Program Files\Java\jdk-11.0.13\bin;C:\WINDOWS\system32;
USERNAME=DHINAKARAN
OS=Windows_NT
PROCESSOR_IDENTIFIER=Intel64 Family 6 Model 78 Stepping 3, GenuineIntel



---------------  S Y S T E M  ---------------

OS:
 Windows 10 , 64 bit Build 17763 (10.0.17763.475)
OS uptime: 0 days 21:08 hours
Hyper-V role detected

CPU: total 4 (initial active 4) (2 cores per cpu, 2 threads per core) family 6 model 78 stepping 3 microcode 0xc6, cx8, cmov, fxsr, ht, mmx, 3dnowpref, sse, sse2, sse3, ssse3, sse4.1, sse4.2, popcnt, lzcnt, tsc, tscinvbit, avx, avx2, aes, erms, clmul, bmi1, bmi2, adx, fma, vzeroupper, clflush, clflushopt, hv

Memory: 4k page, system-wide physical 16273M (7025M free)
TotalPageFile size 26111M (AvailPageFile size 44M)
current process WorkingSet (physical memory assigned to process): 10M, peak: 10M
current process commit charge ("private bytes"): 51M, peak: 307M

vm_info: OpenJDK 64-Bit Server VM (16.0.2+7-67) for windows-amd64 JRE (16.0.2+7-67), built on Jun  8 2021 23:21:43 by "mach5one" with MS VC++ 16.7 (VS2019)

END.
